<?xml version="1.0" encoding="UTF-8"?>
<!-- Generated by org.testng.reporters.JUnitXMLReporter -->
<testsuite ignored="0" hostname="LAPTOP-1NK941AE" failures="0" tests="2" name="Test-Runner-Firefox" time="50.205" errors="0" timestamp="2023-07-28T15:44:01 IST">
  <testcase classname="vtiger.OrganisationTests.CreateOrgWithIndustryUsingDDTTest" name="Demo" time="0.004"/>
  <testcase classname="vtiger.OrganisationTests.CreateOrgWithIndustryUsingDDTTest" name="createOrgWithIndDDTTest" time="0.0">
    <skipped/>
  </testcase> <!-- createOrgWithIndDDTTest -->
</testsuite> <!-- Test-Runner-Firefox -->
