<?xml version="1.0" encoding="UTF-8"?>
<!-- Generated by org.testng.reporters.JUnitReportReporter -->
<testsuite hostname="LAPTOP-1NK941AE" failures="0" tests="1" name="vtiger.OrganisationTests.CreateOrgWithIndustry" time="15.561" errors="0" timestamp="2023-07-27T23:09:44 IST" skipped="0">
  <testcase classname="vtiger.OrganisationTests.CreateOrgWithIndustry" name="createOrgWithindustry" time="15.561"/>
  <system-out/>
</testsuite> <!-- vtiger.OrganisationTests.CreateOrgWithIndustry -->
