<?xml version="1.0" encoding="UTF-8"?>
<!-- Generated by org.testng.reporters.JUnitReportReporter -->
<testsuite hostname="LAPTOP-1NK941AE" failures="0" tests="1" name="vtiger.OrganisationTests.ReadDataFromCmdTest" time="0.015" errors="0" timestamp="2023-08-03T20:03:52 IST" skipped="0">
  <testcase classname="vtiger.OrganisationTests.ReadDataFromCmdTest" name="read" time="0.015"/>
  <system-out/>
</testsuite> <!-- vtiger.OrganisationTests.ReadDataFromCmdTest -->
