<?xml version="1.0" encoding="UTF-8"?>
<!-- Generated by org.testng.reporters.JUnitReportReporter -->
<testsuite hostname="LAPTOP-1NK941AE" failures="0" tests="3" name="vtiger.OrganisationTests.TestNGPractice" time="0.000" errors="0" timestamp="2023-07-26T23:33:29 IST" skipped="1">
  <testcase classname="vtiger.OrganisationTests.TestNGPractice" name="modifyCustomer" time="0.000"/>
  <system-out/>
  <testcase classname="vtiger.OrganisationTests.TestNGPractice" name="createCustomer" time="0.000"/>
  <system-out/>
  <testcase classname="vtiger.OrganisationTests.TestNGPractice" name="deleteCustomer">
    <skipped/>
  </testcase> <!-- deleteCustomer -->
  <system-out/>
</testsuite> <!-- vtiger.OrganisationTests.TestNGPractice -->
