<?xml version="1.0" encoding="UTF-8"?>
<!-- Generated by org.testng.reporters.JUnitReportReporter -->
<testsuite hostname="LAPTOP-1NK941AE" failures="0" tests="3" name="vtiger.OrganisationTests.DataProviderPractise" time="0.004" errors="0" timestamp="2023-07-26T23:33:29 IST" skipped="0">
  <testcase classname="vtiger.OrganisationTests.DataProviderPractise" name="addToCartTest" time="0.000"/>
  <system-out/>
  <testcase classname="vtiger.OrganisationTests.DataProviderPractise" name="addToCartTest" time="0.000"/>
  <system-out/>
  <testcase classname="vtiger.OrganisationTests.DataProviderPractise" name="addToCartTest" time="0.004"/>
  <system-out/>
</testsuite> <!-- vtiger.OrganisationTests.DataProviderPractise -->
